This is XeTeX, Version 3.14159265-2.6-0.99999 (TeX Live 2018/W32TeX) (preloaded format=xelatex 2018.12.24)  6 MAY 2019 00:01
entering extended mode
 restricted \write18 enabled.
 %&-line parsing enabled.
**main.tex
(./main.tex
LaTeX2e <2018-12-01>
(c:/texlive/2018/texmf-dist/tex/latex/ctex/ctexart.cls
(c:/texlive/2018/texmf-dist/tex/latex/l3kernel/expl3.sty
Package: expl3 2018-12-12 L3 programming layer (loader) 

(c:/texlive/2018/texmf-dist/tex/latex/l3kernel/expl3-code.tex
Package: expl3 2018-12-12 L3 programming layer (code)
\c_max_int=\count80
\l_tmpa_int=\count81
\l_tmpb_int=\count82
\g_tmpa_int=\count83
\g_tmpb_int=\count84
\g__kernel_prg_map_int=\count85
\c_log_iow=\count86
\l_iow_line_count_int=\count87
\l__iow_line_target_int=\count88
\l__iow_one_indent_int=\count89
\l__iow_indent_int=\count90
\c_zero_dim=\dimen102
\c_max_dim=\dimen103
\l_tmpa_dim=\dimen104
\l_tmpb_dim=\dimen105
\g_tmpa_dim=\dimen106
\g_tmpb_dim=\dimen107
\c_zero_skip=\skip41
\c_max_skip=\skip42
\l_tmpa_skip=\skip43
\l_tmpb_skip=\skip44
\g_tmpa_skip=\skip45
\g_tmpb_skip=\skip46
\c_zero_muskip=\muskip10
\c_max_muskip=\muskip11
\l_tmpa_muskip=\muskip12
\l_tmpb_muskip=\muskip13
\g_tmpa_muskip=\muskip14
\g_tmpb_muskip=\muskip15
\l_keys_choice_int=\count91
\l__intarray_loop_int=\count92
\c__intarray_sp_dim=\dimen108
\g__intarray_font_int=\count93
\c__fp_leading_shift_int=\count94
\c__fp_middle_shift_int=\count95
\c__fp_trailing_shift_int=\count96
\c__fp_big_leading_shift_int=\count97
\c__fp_big_middle_shift_int=\count98
\c__fp_big_trailing_shift_int=\count99
\c__fp_Bigg_leading_shift_int=\count100
\c__fp_Bigg_middle_shift_int=\count101
\c__fp_Bigg_trailing_shift_int=\count102
\g__fp_array_int=\count103
\l__fp_array_loop_int=\count104
\l__sort_length_int=\count105
\l__sort_min_int=\count106
\l__sort_top_int=\count107
\l__sort_max_int=\count108
\l__sort_true_max_int=\count109
\l__sort_block_int=\count110
\l__sort_begin_int=\count111
\l__sort_end_int=\count112
\l__sort_A_int=\count113
\l__sort_B_int=\count114
\l__sort_C_int=\count115
\l__tl_analysis_normal_int=\count116
\l__tl_analysis_index_int=\count117
\l__tl_analysis_nesting_int=\count118
\l__tl_analysis_type_int=\count119
\l__regex_internal_a_int=\count120
\l__regex_internal_b_int=\count121
\l__regex_internal_c_int=\count122
\l__regex_balance_int=\count123
\l__regex_group_level_int=\count124
\l__regex_mode_int=\count125
\c__regex_cs_in_class_mode_int=\count126
\c__regex_cs_mode_int=\count127
\l__regex_catcodes_int=\count128
\l__regex_default_catcodes_int=\count129
\c__regex_catcode_L_int=\count130
\c__regex_catcode_O_int=\count131
\c__regex_catcode_A_int=\count132
\c__regex_all_catcodes_int=\count133
\l__regex_show_lines_int=\count134
\l__regex_min_state_int=\count135
\l__regex_max_state_int=\count136
\l__regex_left_state_int=\count137
\l__regex_right_state_int=\count138
\l__regex_capturing_group_int=\count139
\l__regex_min_pos_int=\count140
\l__regex_max_pos_int=\count141
\l__regex_curr_pos_int=\count142
\l__regex_start_pos_int=\count143
\l__regex_success_pos_int=\count144
\l__regex_curr_char_int=\count145
\l__regex_curr_catcode_int=\count146
\l__regex_last_char_int=\count147
\l__regex_case_changed_char_int=\count148
\l__regex_curr_state_int=\count149
\l__regex_step_int=\count150
\l__regex_min_active_int=\count151
\l__regex_max_active_int=\count152
\l__regex_replacement_csnames_int=\count153
\l__regex_match_count_int=\count154
\l__regex_min_submatch_int=\count155
\l__regex_submatch_int=\count156
\l__regex_zeroth_submatch_int=\count157
\g__regex_trace_regex_int=\count158
\c_empty_box=\box27
\l_tmpa_box=\box28
\l_tmpb_box=\box29
\g_tmpa_box=\box30
\g_tmpb_box=\box31
\l__box_top_dim=\dimen109
\l__box_bottom_dim=\dimen110
\l__box_left_dim=\dimen111
\l__box_right_dim=\dimen112
\l__box_top_new_dim=\dimen113
\l__box_bottom_new_dim=\dimen114
\l__box_left_new_dim=\dimen115
\l__box_right_new_dim=\dimen116
\l__box_internal_box=\box32
\l__coffin_internal_box=\box33
\l__coffin_internal_dim=\dimen117
\l__coffin_offset_x_dim=\dimen118
\l__coffin_offset_y_dim=\dimen119
\l__coffin_x_dim=\dimen120
\l__coffin_y_dim=\dimen121
\l__coffin_x_prime_dim=\dimen122
\l__coffin_y_prime_dim=\dimen123
\c_empty_coffin=\box34
\l__coffin_aligned_coffin=\box35
\l__coffin_aligned_internal_coffin=\box36
\l_tmpa_coffin=\box37
\l_tmpb_coffin=\box38
\l__coffin_display_coffin=\box39
\l__coffin_display_coord_coffin=\box40
\l__coffin_display_pole_coffin=\box41
\l__coffin_display_offset_dim=\dimen124
\l__coffin_display_x_dim=\dimen125
\l__coffin_display_y_dim=\dimen126
\g__file_internal_ior=\read1
\l__coffin_bounding_shift_dim=\dimen127
\l__coffin_left_corner_dim=\dimen128
\l__coffin_right_corner_dim=\dimen129
\l__coffin_bottom_corner_dim=\dimen130
\l__coffin_top_corner_dim=\dimen131
\l__coffin_scaled_total_height_dim=\dimen132
\l__coffin_scaled_width_dim=\dimen133
)
(c:/texlive/2018/texmf-dist/tex/latex/l3kernel/l3xdvipdfmx.def
File: l3xdvidpfmx.def 2018-12-12 v L3 Experimental driver: xdvipdfmx
\g__driver_image_int=\count159
\g__driver_pdf_object_int=\count160
))
Document Class: ctexart 2018/05/02 v2.4.14 Chinese adapter for class article (C
TEX)
(c:/texlive/2018/texmf-dist/tex/latex/l3packages/xparse/xparse.sty
Package: xparse 2018-10-17 L3 Experimental document command parser
\l__xparse_current_arg_int=\count161
\g__xparse_grabber_int=\count162
\l__xparse_m_args_int=\count163
\l__xparse_mandatory_args_int=\count164
\l__xparse_v_nesting_int=\count165
)
(c:/texlive/2018/texmf-dist/tex/latex/l3packages/l3keys2e/l3keys2e.sty
Package: l3keys2e 2018-10-17 LaTeX2e option processing using LaTeX3 keys
)
(c:/texlive/2018/texmf-dist/tex/latex/ctex/ctexhook.sty
Package: ctexhook 2018/05/02 v2.4.14 Document and package hooks (CTEX)
)
(c:/texlive/2018/texmf-dist/tex/latex/ctex/ctexpatch.sty
Package: ctexpatch 2018/05/02 v2.4.14 Patching commands (CTEX)
)
(c:/texlive/2018/texmf-dist/tex/latex/base/fix-cm.sty
Package: fix-cm 2015/01/14 v1.1t fixes to LaTeX

(c:/texlive/2018/texmf-dist/tex/latex/base/ts1enc.def
File: ts1enc.def 2001/06/05 v3.0e (jk/car/fm) Standard LaTeX file
))
(c:/texlive/2018/texmf-dist/tex/latex/ms/everysel.sty
Package: everysel 2011/10/28 v1.2 EverySelectfont Package (MS)
)
\l__ctex_tmp_int=\count166
\l__ctex_tmp_box=\box42
\l__ctex_tmp_dim=\dimen134
\g__ctex_font_size_flag=\count167

(c:/texlive/2018/texmf-dist/tex/latex/ctex/config/ctexopts.cfg
File: ctexopts.cfg 2018/05/02 v2.4.14 Option configuration file (CTEX)
)
(c:/texlive/2018/texmf-dist/tex/latex/base/article.cls
Document Class: article 2018/09/03 v1.4i Standard LaTeX document class
(c:/texlive/2018/texmf-dist/tex/latex/base/size10.clo
File: size10.clo 2018/09/03 v1.4i Standard LaTeX file (size option)
)
\c@part=\count168
\c@section=\count169
\c@subsection=\count170
\c@subsubsection=\count171
\c@paragraph=\count172
\c@subparagraph=\count173
\c@figure=\count174
\c@table=\count175
\abovecaptionskip=\skip47
\belowcaptionskip=\skip48
\bibindent=\dimen135
)
(c:/texlive/2018/texmf-dist/tex/latex/ctex/engine/ctex-engine-xetex.def
File: ctex-engine-xetex.def 2018/05/02 v2.4.14 XeLaTeX adapter (CTEX)

(c:/texlive/2018/texmf-dist/tex/xelatex/xecjk/xeCJK.sty
Package: xeCJK 2018/04/30 v3.7.1 Typesetting CJK scripts with XeLaTeX

(c:/texlive/2018/texmf-dist/tex/latex/l3packages/xtemplate/xtemplate.sty
Package: xtemplate 2018-10-17 L3 Experimental prototype document functions
\l__xtemplate_tmp_dim=\dimen136
\l__xtemplate_tmp_int=\count176
\l__xtemplate_tmp_muskip=\muskip16
\l__xtemplate_tmp_skip=\skip49
)
\l__xeCJK_tmp_int=\count177
\l__xeCJK_tmp_box=\box43
\l__xeCJK_tmp_dim=\dimen137
\l__xeCJK_tmp_skip=\skip50
\g__xeCJK_space_factor_int=\count178
\l__xeCJK_begin_int=\count179
\l__xeCJK_end_int=\count180
\c__xeCJK_CJK_class_int=\XeTeXcharclass1
\c__xeCJK_FullLeft_class_int=\XeTeXcharclass2
\c__xeCJK_FullRight_class_int=\XeTeXcharclass3
\c__xeCJK_HalfLeft_class_int=\XeTeXcharclass4
\c__xeCJK_HalfRight_class_int=\XeTeXcharclass5
\c__xeCJK_NormalSpace_class_int=\XeTeXcharclass6
\c__xeCJK_CM_class_int=\XeTeXcharclass7
\c__xeCJK_HangulJamo_class_int=\XeTeXcharclass8
\l__xeCJK_last_skip=\skip51
\g__xeCJK_node_int=\count181
\c__xeCJK_CJK_node_dim=\dimen138
\c__xeCJK_CJK-space_node_dim=\dimen139
\c__xeCJK_default_node_dim=\dimen140
\c__xeCJK_default-space_node_dim=\dimen141
\c__xeCJK_CJK-widow_node_dim=\dimen142
\c__xeCJK_normalspace_node_dim=\dimen143
\l__xeCJK_ccglue_skip=\skip52
\l__xeCJK_ecglue_skip=\skip53
\l__xeCJK_punct_kern_skip=\skip54
\l__xeCJK_last_penalty_int=\count182
\l__xeCJK_last_bound_dim=\dimen144
\l__xeCJK_last_kern_dim=\dimen145
\l__xeCJK_widow_penalty_int=\count183

Package xtemplate Info: Declaring object type 'xeCJK/punctuation' taking 0
(xtemplate)             argument(s) on line 2362.

\l__xeCJK_fixed_punct_width_dim=\dimen146
\l__xeCJK_mixed_punct_width_dim=\dimen147
\l__xeCJK_middle_punct_width_dim=\dimen148
\l__xeCJK_fixed_margin_width_dim=\dimen149
\l__xeCJK_mixed_margin_width_dim=\dimen150
\l__xeCJK_middle_margin_width_dim=\dimen151
\l__xeCJK_bound_punct_width_dim=\dimen152
\l__xeCJK_bound_margin_width_dim=\dimen153
\l__xeCJK_margin_minimum_dim=\dimen154
\l__xeCJK_kerning_total_width_dim=\dimen155
\l__xeCJK_same_align_margin_dim=\dimen156
\l__xeCJK_different_align_margin_dim=\dimen157
\l__xeCJK_kerning_margin_width_dim=\dimen158
\l__xeCJK_kerning_margin_minimum_dim=\dimen159
\l__xeCJK_bound_dim=\dimen160
\l__xeCJK_reverse_bound_dim=\dimen161
\l__xeCJK_minimum_bound_dim=\dimen162
\l__xeCJK_kerning_margin_dim=\dimen163
\l__xeCJK_original_margin_dim=\dimen164
\g__xeCJK_family_int=\count184
\l__xeCJK_fam_int=\count185
\g__xeCJK_fam_allocation_int=\count186
\l__xeCJK_verb_case_int=\count187
\l__xeCJK_verb_exspace_skip=\skip55

(c:/texlive/2018/texmf-dist/tex/latex/fontspec/fontspec.sty
Package: fontspec 2018/07/30 vv2.6h Font selection for XeLaTeX and LuaLaTeX

(c:/texlive/2018/texmf-dist/tex/latex/fontspec/fontspec-xetex.sty
Package: fontspec-xetex 2018/07/30 vv2.6h Font selection for XeLaTeX and LuaLaT
eX
\l__fontspec_script_int=\count188
\l__fontspec_language_int=\count189
\l__fontspec_strnum_int=\count190
\l__fontspec_tmp_int=\count191
\l__fontspec_em_int=\count192
\l__fontspec_emdef_int=\count193
\l__fontspec_strong_int=\count194
\l__fontspec_strongdef_int=\count195
\l__fontspec_tmpa_dim=\dimen165
\l__fontspec_tmpb_dim=\dimen166
\l__fontspec_tmpc_dim=\dimen167

(c:/texlive/2018/texmf-dist/tex/latex/base/fontenc.sty
Package: fontenc 2018/08/11 v2.0j Standard LaTeX package

(c:/texlive/2018/texmf-dist/tex/latex/base/tuenc.def
File: tuenc.def 2018/08/11 v2.0j Standard LaTeX file
LaTeX Font Info:    Redeclaring font encoding TU on input line 82.
))
(c:/texlive/2018/texmf-dist/tex/latex/fontspec/fontspec.cfg)
LaTeX Info: Redefining \itshape on input line 3910.
LaTeX Info: Redefining \slshape on input line 3915.
LaTeX Info: Redefining \scshape on input line 3920.
LaTeX Info: Redefining \upshape on input line 3925.
LaTeX Info: Redefining \em on input line 3955.
LaTeX Info: Redefining \emph on input line 3980.
LaTeX Info: Redefining \- on input line 4034.
))
(c:/texlive/2018/texmf-dist/tex/xelatex/xecjk/xeCJK.cfg
File: xeCJK.cfg 2018/04/30 v3.7.1 Configuration file for xeCJK package
))
(c:/texlive/2018/texmf-dist/tex/xelatex/xecjk/xeCJKfntef.sty
Package: xeCJKfntef 2018/04/30 v3.7.1 xeCJK font effect

(c:/texlive/2018/texmf-dist/tex/generic/ulem/ulem.sty
\UL@box=\box44
\UL@hyphenbox=\box45
\UL@skip=\skip56
\UL@hook=\toks14
\UL@height=\dimen168
\UL@pe=\count196
\UL@pixel=\dimen169
\ULC@box=\box46
Package: ulem 2012/05/18
\ULdepth=\dimen170
)
(c:/texlive/2018/texmf-dist/tex/latex/environ/environ.sty
Package: environ 2014/05/04 v0.3 A new way to define environments

(c:/texlive/2018/texmf-dist/tex/latex/trimspaces/trimspaces.sty
Package: trimspaces 2009/09/17 v1.1 Trim spaces around a token list
)
\@envbody=\toks15
)
(c:/texlive/2018/texmf-dist/tex/latex/cjk/texinput/CJKfntef.sty
Package: CJKfntef 2015/04/18 4.8.4
\CJK@fntefSkip=\skip57
\CJK@nest=\count197
\CJK@fntefDimen=\dimen171
\CJK@underdotBox=\box47
\CJK@ULbox=\box48
\CJK@underanyskip=\dimen172
)
\l__xeCJK_space_skip=\skip58
\c__xeCJK_ulem-begin_node_dim=\dimen173
\c__xeCJK_null_box=\box49
\l__xeCJK_fntef_box=\box50
\l__xeCJK_under_symbol_box=\box51
\c__xeCJK_filll_skip=\skip59
)
\ccwd=\dimen174
\l__ctex_ccglue_skip=\skip60
)
\l__ctex_ziju_dim=\dimen175

(c:/texlive/2018/texmf-dist/tex/latex/zhnumber/zhnumber.sty
Package: zhnumber 2018/01/28 v2.6 Typesetting numbers with Chinese glyphs
\l__zhnum_scale_int=\count198

(c:/texlive/2018/texmf-dist/tex/latex/zhnumber/zhnumber-utf8.cfg
File: zhnumber-utf8.cfg 2018/01/28 v2.6 Chinese numerals with UTF8 encoding
))
\l__ctex_heading_skip=\skip61

(c:/texlive/2018/texmf-dist/tex/latex/ctex/scheme/ctex-scheme-chinese-article.d
ef
File: ctex-scheme-chinese-article.def 2018/05/02 v2.4.14 Chinese scheme for art
icle (CTEX)
 (c:/texlive/2018/texmf-dist/tex/latex/ctex/config/ctex-name-utf8.cfg
File: ctex-name-utf8.cfg 2018/05/02 v2.4.14 Caption with encoding UTF8 (CTEX)
))
(c:/texlive/2018/texmf-dist/tex/latex/ctex/ctex-c5size.clo
File: ctex-c5size.clo 2018/05/02 v2.4.14 c5size option (CTEX)
)
(c:/texlive/2018/texmf-dist/tex/latex/ctex/fontset/ctex-fontset-windows.def
File: ctex-fontset-windows.def 2018/05/02 v2.4.14 Windows fonts definition (CTE
X)

(c:/texlive/2018/texmf-dist/tex/latex/ctex/fontset/ctex-fontset-windowsnew.def
File: ctex-fontset-windowsnew.def 2018/05/02 v2.4.14 Windows fonts definition f
or Vista or later version (CTEX)

Package fontspec Info: Could not resolve font "KaiTi/B" (it probably doesn't
(fontspec)             exist).


Package fontspec Info: Could not resolve font "SimHei/I" (it probably doesn't
(fontspec)             exist).


Package fontspec Info: Could not resolve font "SimSun/BI" (it probably doesn't
(fontspec)             exist).


Package fontspec Info: Font family 'SimSun(0)' created for font 'SimSun' with
(fontspec)             options
(fontspec)             [Script={CJK},BoldFont={SimHei},ItalicFont={KaiTi}].
(fontspec)              
(fontspec)              This font family consists of the following NFSS
(fontspec)             series/shapes:
(fontspec)              
(fontspec)             - 'normal' (m/n) with NFSS spec.:
(fontspec)             <->"SimSun/OT:script=hani;language=DFLT;"
(fontspec)             - 'small caps'  (m/sc) with NFSS spec.: 
(fontspec)             - 'bold' (bx/n) with NFSS spec.:
(fontspec)             <->"SimHei/OT:script=hani;language=DFLT;"
(fontspec)             - 'bold small caps'  (bx/sc) with NFSS spec.: 
(fontspec)             - 'italic' (m/it) with NFSS spec.:
(fontspec)             <->"KaiTi/OT:script=hani;language=DFLT;"
(fontspec)             - 'italic small caps'  (m/itsc) with NFSS spec.: 

))) (c:/texlive/2018/texmf-dist/tex/latex/ctex/config/ctex.cfg
File: ctex.cfg 2018/05/02 v2.4.14 Configuration file (CTEX)
)
(c:/texlive/2018/texmf-dist/tex/latex/fancyhdr/fancyhdr.sty
Package: fancyhdr 2017/06/30 v3.9a Extensive control of page headers and footer
s
\f@nch@headwidth=\skip62
\f@nch@O@elh=\skip63
\f@nch@O@erh=\skip64
\f@nch@O@olh=\skip65
\f@nch@O@orh=\skip66
\f@nch@O@elf=\skip67
\f@nch@O@erf=\skip68
\f@nch@O@olf=\skip69
\f@nch@O@orf=\skip70
)
(c:/texlive/2018/texmf-dist/tex/latex/listings/listings.sty
(c:/texlive/2018/texmf-dist/tex/latex/graphics/keyval.sty
Package: keyval 2014/10/28 v1.15 key=value parser (DPC)
\KV@toks@=\toks16
)
\lst@mode=\count199
\lst@gtempboxa=\box52
\lst@token=\toks17
\lst@length=\count266
\lst@currlwidth=\dimen176
\lst@column=\count267
\lst@pos=\count268
\lst@lostspace=\dimen177
\lst@width=\dimen178
\lst@newlines=\count269
\lst@lineno=\count270
\lst@maxwidth=\dimen179

(c:/texlive/2018/texmf-dist/tex/latex/listings/lstmisc.sty
File: lstmisc.sty 2018/09/02 1.7 (Carsten Heinz)
\c@lstnumber=\count271
\lst@skipnumbers=\count272
\lst@framebox=\box53
)
(c:/texlive/2018/texmf-dist/tex/latex/listings/listings.cfg
File: listings.cfg 2018/09/02 1.7 listings configuration
))
Package: listings 2018/09/02 1.7 (Carsten Heinz)

(c:/texlive/2018/texmf-dist/tex/latex/xcolor/xcolor.sty
Package: xcolor 2016/05/11 v2.12 LaTeX color extensions (UK)

(c:/texlive/2018/texmf-dist/tex/latex/graphics-cfg/color.cfg
File: color.cfg 2016/01/02 v1.6 sample color configuration
)
Package xcolor Info: Driver file: xetex.def on input line 225.

(c:/texlive/2018/texmf-dist/tex/latex/graphics-def/xetex.def
File: xetex.def 2017/06/24 v5.0h Graphics/color driver for xetex
)
Package xcolor Info: Model `cmy' substituted by `cmy0' on input line 1348.
Package xcolor Info: Model `RGB' extended on input line 1364.
Package xcolor Info: Model `HTML' substituted by `rgb' on input line 1366.
Package xcolor Info: Model `Hsb' substituted by `hsb' on input line 1367.
Package xcolor Info: Model `tHsb' substituted by `hsb' on input line 1368.
Package xcolor Info: Model `HSB' substituted by `hsb' on input line 1369.
Package xcolor Info: Model `Gray' substituted by `gray' on input line 1370.
Package xcolor Info: Model `wave' substituted by `hsb' on input line 1371.
)
(c:/texlive/2018/texmf-dist/tex/latex/amsmath/amsmath.sty
Package: amsmath 2018/12/01 v2.17b AMS math features
\@mathmargin=\skip71

For additional information on amsmath, use the `?' option.
(c:/texlive/2018/texmf-dist/tex/latex/amsmath/amstext.sty
Package: amstext 2000/06/29 v2.01 AMS text

(c:/texlive/2018/texmf-dist/tex/latex/amsmath/amsgen.sty
File: amsgen.sty 1999/11/30 v2.0 generic functions
\@emptytoks=\toks18
\ex@=\dimen180
))
(c:/texlive/2018/texmf-dist/tex/latex/amsmath/amsbsy.sty
Package: amsbsy 1999/11/29 v1.2d Bold Symbols
\pmbraise@=\dimen181
)
(c:/texlive/2018/texmf-dist/tex/latex/amsmath/amsopn.sty
Package: amsopn 2016/03/08 v2.02 operator names
)
\inf@bad=\count273
LaTeX Info: Redefining \frac on input line 223.
\uproot@=\count274
\leftroot@=\count275
LaTeX Info: Redefining \overline on input line 385.
\classnum@=\count276
\DOTSCASE@=\count277
LaTeX Info: Redefining \ldots on input line 482.
LaTeX Info: Redefining \dots on input line 485.
LaTeX Info: Redefining \cdots on input line 606.
\Mathstrutbox@=\box54
\strutbox@=\box55
\big@size=\dimen182
LaTeX Font Info:    Redeclaring font encoding OML on input line 729.
LaTeX Font Info:    Redeclaring font encoding OMS on input line 730.
\macc@depth=\count278
\c@MaxMatrixCols=\count279
\dotsspace@=\muskip17
\c@parentequation=\count280
\dspbrk@lvl=\count281
\tag@help=\toks19
\row@=\count282
\column@=\count283
\maxfields@=\count284
\andhelp@=\toks20
\eqnshift@=\dimen183
\alignsep@=\dimen184
\tagshift@=\dimen185
\tagwidth@=\dimen186
\totwidth@=\dimen187
\lineht@=\dimen188
\@envbody=\toks21
\multlinegap=\skip72
\multlinetaggap=\skip73
\mathdisplay@stack=\toks22
LaTeX Info: Redefining \[ on input line 2844.
LaTeX Info: Redefining \] on input line 2845.
)
(c:/texlive/2018/texmf-dist/tex/latex/algorithms/algorithm.sty
Invalid UTF-8 byte or sequence at line 11 replaced by U+FFFD.
Package: algorithm 2009/08/24 v0.1 Document Style `algorithm' - floating enviro
nment

(c:/texlive/2018/texmf-dist/tex/latex/float/float.sty
Package: float 2001/11/08 v1.3d Float enhancements (AL)
\c@float@type=\count285
\float@exts=\toks23
\float@box=\box56
\@float@everytoks=\toks24
\@floatcapt=\box57
)
(c:/texlive/2018/texmf-dist/tex/latex/base/ifthen.sty
Package: ifthen 2014/09/29 v1.1c Standard LaTeX ifthen package (DPC)
)
\@float@every@algorithm=\toks25
\c@algorithm=\count286
)
(c:/texlive/2018/texmf-dist/tex/latex/graphics/graphicx.sty
Package: graphicx 2017/06/01 v1.1a Enhanced LaTeX Graphics (DPC,SPQR)

(c:/texlive/2018/texmf-dist/tex/latex/graphics/graphics.sty
Package: graphics 2017/06/25 v1.2c Standard LaTeX Graphics (DPC,SPQR)

(c:/texlive/2018/texmf-dist/tex/latex/graphics/trig.sty
Package: trig 2016/01/03 v1.10 sin cos tan (DPC)
)
(c:/texlive/2018/texmf-dist/tex/latex/graphics-cfg/graphics.cfg
File: graphics.cfg 2016/06/04 v1.11 sample graphics configuration
)
Package graphics Info: Driver file: xetex.def on input line 99.
)
\Gin@req@height=\dimen189
\Gin@req@width=\dimen190
)
(c:/texlive/2018/texmf-dist/tex/latex/algorithmicx/algpseudocode.sty
Package: algpseudocode 

(c:/texlive/2018/texmf-dist/tex/latex/algorithmicx/algorithmicx.sty
Package: algorithmicx 2005/04/27 v1.2 Algorithmicx

Document Style algorithmicx 1.2 - a greatly improved `algorithmic' style
\c@ALG@line=\count287
\c@ALG@rem=\count288
\c@ALG@nested=\count289
\ALG@tlm=\skip74
\ALG@thistlm=\skip75
\c@ALG@Lnr=\count290
\c@ALG@blocknr=\count291
\c@ALG@storecount=\count292
\c@ALG@tmpcounter=\count293
\ALG@tmplength=\skip76
)
Document Style - pseudocode environments for use with the `algorithmicx' style
) (c:/texlive/2018/texmf-dist/tex/latex/physics/physics.sty
Package: physics 
)
(c:/texlive/2018/texmf-dist/tex/latex/multirow/multirow.sty
Package: multirow 2018/08/03 v2.3 Span multiple rows of a table
\multirow@colwidth=\skip77
\multirow@cntb=\count294
\multirow@dima=\skip78
\bigstrutjot=\dimen191
)
(c:/texlive/2018/texmf-dist/tex/latex/listings/lstlang1.sty
File: lstlang1.sty 2018/09/02 1.7 listings language file
)
(c:/texlive/2018/texmf-dist/tex/xelatex/xecjk/xeCJK-listings.sty
Package: xeCJK-listings 2018/04/30 v3.7.1 xeCJK patch file for listings
\l__xeCJK_listings_max_char_int=\count295
\l__xeCJK_listings_flag_int=\count296
) (./main.aux)
\openout1 = `main.aux'.

LaTeX Font Info:    Checking defaults for OML/cmm/m/it on input line 40.
LaTeX Font Info:    ... okay on input line 40.
LaTeX Font Info:    Checking defaults for T1/cmr/m/n on input line 40.
LaTeX Font Info:    ... okay on input line 40.
LaTeX Font Info:    Checking defaults for OT1/cmr/m/n on input line 40.
LaTeX Font Info:    ... okay on input line 40.
LaTeX Font Info:    Checking defaults for OMS/cmsy/m/n on input line 40.
LaTeX Font Info:    ... okay on input line 40.
LaTeX Font Info:    Checking defaults for TU/lmr/m/n on input line 40.
LaTeX Font Info:    ... okay on input line 40.
LaTeX Font Info:    Checking defaults for OMX/cmex/m/n on input line 40.
LaTeX Font Info:    ... okay on input line 40.
LaTeX Font Info:    Checking defaults for U/cmr/m/n on input line 40.
LaTeX Font Info:    ... okay on input line 40.
LaTeX Font Info:    Checking defaults for TS1/cmr/m/n on input line 40.
LaTeX Font Info:    ... okay on input line 40.

ABD: EverySelectfont initializing macros
LaTeX Info: Redefining \selectfont on input line 40.

Package fontspec Info: Adjusting the maths setup (use [no-math] to avoid
(fontspec)             this).

\symlegacymaths=\mathgroup4
LaTeX Font Info:    Overwriting symbol font `legacymaths' in version `bold'
(Font)                  OT1/cmr/m/n --> OT1/cmr/bx/n on input line 40.
LaTeX Font Info:    Redeclaring math accent \acute on input line 40.
LaTeX Font Info:    Redeclaring math accent \grave on input line 40.
LaTeX Font Info:    Redeclaring math accent \ddot on input line 40.
LaTeX Font Info:    Redeclaring math accent \tilde on input line 40.
LaTeX Font Info:    Redeclaring math accent \bar on input line 40.
LaTeX Font Info:    Redeclaring math accent \breve on input line 40.
LaTeX Font Info:    Redeclaring math accent \check on input line 40.
LaTeX Font Info:    Redeclaring math accent \hat on input line 40.
LaTeX Font Info:    Redeclaring math accent \dot on input line 40.
LaTeX Font Info:    Redeclaring math accent \mathring on input line 40.
LaTeX Font Info:    Redeclaring math symbol \Gamma on input line 40.
LaTeX Font Info:    Redeclaring math symbol \Delta on input line 40.
LaTeX Font Info:    Redeclaring math symbol \Theta on input line 40.
LaTeX Font Info:    Redeclaring math symbol \Lambda on input line 40.
LaTeX Font Info:    Redeclaring math symbol \Xi on input line 40.
LaTeX Font Info:    Redeclaring math symbol \Pi on input line 40.
LaTeX Font Info:    Redeclaring math symbol \Sigma on input line 40.
LaTeX Font Info:    Redeclaring math symbol \Upsilon on input line 40.
LaTeX Font Info:    Redeclaring math symbol \Phi on input line 40.
LaTeX Font Info:    Redeclaring math symbol \Psi on input line 40.
LaTeX Font Info:    Redeclaring math symbol \Omega on input line 40.
LaTeX Font Info:    Redeclaring math symbol \mathdollar on input line 40.
LaTeX Font Info:    Redeclaring symbol font `operators' on input line 40.
LaTeX Font Info:    Encoding `OT1' has changed to `TU' for symbol font
(Font)              `operators' in the math version `normal' on input line 40.
LaTeX Font Info:    Overwriting symbol font `operators' in version `normal'
(Font)                  OT1/cmr/m/n --> TU/lmr/m/n on input line 40.
LaTeX Font Info:    Encoding `OT1' has changed to `TU' for symbol font
(Font)              `operators' in the math version `bold' on input line 40.
LaTeX Font Info:    Overwriting symbol font `operators' in version `bold'
(Font)                  OT1/cmr/bx/n --> TU/lmr/m/n on input line 40.
LaTeX Font Info:    Overwriting symbol font `operators' in version `normal'
(Font)                  TU/lmr/m/n --> TU/lmr/m/n on input line 40.
LaTeX Font Info:    Overwriting math alphabet `\mathit' in version `normal'
(Font)                  OT1/cmr/m/it --> TU/lmr/m/it on input line 40.
LaTeX Font Info:    Overwriting math alphabet `\mathbf' in version `normal'
(Font)                  OT1/cmr/bx/n --> TU/lmr/bx/n on input line 40.
LaTeX Font Info:    Overwriting math alphabet `\mathsf' in version `normal'
(Font)                  OT1/cmss/m/n --> TU/lmss/m/n on input line 40.
LaTeX Font Info:    Overwriting math alphabet `\mathtt' in version `normal'
(Font)                  OT1/cmtt/m/n --> TU/lmtt/m/n on input line 40.
LaTeX Font Info:    Overwriting symbol font `operators' in version `bold'
(Font)                  TU/lmr/m/n --> TU/lmr/bx/n on input line 40.
LaTeX Font Info:    Overwriting math alphabet `\mathit' in version `bold'
(Font)                  OT1/cmr/bx/it --> TU/lmr/bx/it on input line 40.
LaTeX Font Info:    Overwriting math alphabet `\mathsf' in version `bold'
(Font)                  OT1/cmss/bx/n --> TU/lmss/bx/n on input line 40.
LaTeX Font Info:    Overwriting math alphabet `\mathtt' in version `bold'
(Font)                  OT1/cmtt/m/n --> TU/lmtt/bx/n on input line 40.
\c@lstlisting=\count297
 (./main.toc

LaTeX Font Warning: Font shape `OMX/cmex/m/n' in size <10.53937> not available
(Font)              size <10.95> substituted on input line 2.

)
\tf@toc=\write3
\openout3 = `main.toc'.

 [1

]
Overfull \hbox (56.10132pt too wide) in paragraph at lines 74--75
[][][][][][][][][][][][][][][][][][][][][][][][][][][][][][][][][][][][][][][][
][] 
 []


Overfull \hbox (126.56506pt too wide) in paragraph at lines 78--79
[][][][][][][][][][][][][][][][][][][][][][][][][][][][][][][][][][][][][] 
 []

LaTeX Font Info:    Font shape `TU/SimSun(0)/m/sl' in size <10.53937> not avail
able
(Font)              Font shape `TU/SimSun(0)/m/it' tried instead on input line 
84.

Package Fancyhdr Warning: \headheight is too small (12.0pt): 
 Make it at least 12.64723pt.
 We now make it that large for the rest of the document.
 This may cause the page layout to be inconsistent, however.

[2]
Overfull \hbox (213.28967pt too wide) in paragraph at lines 96--97
[][][][][][][][][][][][][][][][][][][][][][][][][][][][][][][][][][][][][][] 
 []

[3]
File: ./fig/eigen_1.png Graphic file (type bmp)
<./fig/eigen_1.png>
File: ./fig/Eigen_2.png Graphic file (type bmp)
<./fig/Eigen_2.png>
File: ./fig/eigen_3.png Graphic file (type bmp)
<./fig/eigen_3.png>
 [4]
File: ./fig/eigen_4.png Graphic file (type bmp)
<./fig/eigen_4.png>
 [5]
Overfull \hbox (1.42943pt too wide) detected at line 215
[][]
 []

[6]
Invalid UTF-8 byte or sequence at line 220 replaced by U+FFFD.
Invalid UTF-8 byte or sequence at line 220 replaced by U+FFFD.
Invalid UTF-8 byte or sequence at line 220 replaced by U+FFFD.
Invalid UTF-8 byte or sequence at line 220 replaced by U+FFFD.
Invalid UTF-8 byte or sequence at line 220 replaced by U+FFFD.
Invalid UTF-8 byte or sequence at line 220 replaced by U+FFFD.
Invalid UTF-8 byte or sequence at line 220 replaced by U+FFFD.
Invalid UTF-8 byte or sequence at line 220 replaced by U+FFFD.
File: ./fig/plot_1.eps Graphic file (type eps)
<./fig/plot_1.eps>
 [7]
File: ./fig/SPM_1.png Graphic file (type bmp)
<./fig/SPM_1.png>
File: ./fig/SPM_2.png Graphic file (type bmp)
<./fig/SPM_2.png>
 [8]
File: ./fig/SPM_3.png Graphic file (type bmp)
<./fig/SPM_3.png>
 [9] [10]
File: ./fig/walk_res.png Graphic file (type bmp)
<./fig/walk_res.png>
 [11]
File: ./fig/Walk_1.png Graphic file (type bmp)
<./fig/Walk_1.png>
 [12] [13] [14] (./main.aux)

LaTeX Font Warning: Size substitutions with differences
(Font)              up to 0.41063pt have occurred.

 ) 
Here is how much of TeX's memory you used:
 19796 strings out of 492933
 418880 string characters out of 6136536
 697726 words of memory out of 5000000
 23600 multiletter control sequences out of 15000+600000
 538873 words of font info for 83 fonts, out of 8000000 for 9000
 1348 hyphenation exceptions out of 8191
 52i,13n,68p,802b,1750s stack positions out of 5000i,500n,10000p,200000b,80000s

Output written on main.pdf (14 pages).
